--- Starting Task ID: 2 ---
Parameters: V_NS=-0.041, V_EW=+0.041, V_B=+0.085
Output directory: analysis_folder_Cluster/20250814_165350_batch/case_002
warning: basinhopping: local minimization failure
basinhopping step 0: f 225.599
warning: basinhopping: local minimization failure
basinhopping step 1: f 216.593 trial_f 216.593 accepted True lowest_f 225.599
warning: basinhopping: local minimization failure
basinhopping step 2: f 215.143 trial_f 215.143 accepted True lowest_f 225.599
warning: basinhopping: local minimization failure
basinhopping step 3: f 214.254 trial_f 214.254 accepted True lowest_f 225.599
warning: basinhopping: local minimization failure
basinhopping step 4: f 213.69 trial_f 213.69 accepted True lowest_f 225.599
warning: basinhopping: local minimization failure
basinhopping step 5: f 213.294 trial_f 213.294 accepted True lowest_f 225.599
warning: basinhopping: local minimization failure
basinhopping step 6: f 212.941 trial_f 212.941 accepted True lowest_f 225.599
warning: basinhopping: local minimization failure
basinhopping step 7: f 212.762 trial_f 212.762 accepted True lowest_f 225.599
warning: basinhopping: local minimization failure
basinhopping step 8: f 212.351 trial_f 212.351 accepted True lowest_f 225.599
basinhopping step 9: f 212.085 trial_f 212.085 accepted True lowest_f 212.085
found new global minimum on step 9 with function value 212.085
warning: basinhopping: local minimization failure
basinhopping step 10: f 212.085 trial_f 211.602 accepted False lowest_f 212.085
--- Finished Task ID: 2 ---
