--- Starting Task ID: 1 ---
Parameters: V_NS=-0.080, V_EW=+0.053, V_B=+0.080
Output directory: analysis_folder_Cluster/20250814_165350_batch/case_001
warning: basinhopping: local minimization failure
basinhopping step 0: f 216.267
warning: basinhopping: local minimization failure
basinhopping step 1: f 214.596 trial_f 214.596 accepted True lowest_f 216.267
warning: basinhopping: local minimization failure
basinhopping step 2: f 213.375 trial_f 213.375 accepted True lowest_f 216.267
warning: basinhopping: local minimization failure
basinhopping step 3: f 212.503 trial_f 212.503 accepted True lowest_f 216.267
warning: basinhopping: local minimization failure
basinhopping step 4: f 212.182 trial_f 212.182 accepted True lowest_f 216.267
warning: basinhopping: local minimization failure
basinhopping step 5: f 211.87 trial_f 211.87 accepted True lowest_f 216.267
warning: basinhopping: local minimization failure
basinhopping step 6: f 211.694 trial_f 211.694 accepted True lowest_f 216.267
warning: basinhopping: local minimization failure
basinhopping step 7: f 211.465 trial_f 211.465 accepted True lowest_f 216.267
warning: basinhopping: local minimization failure
basinhopping step 8: f 211.275 trial_f 211.275 accepted True lowest_f 216.267
warning: basinhopping: local minimization failure
basinhopping step 9: f 210.97 trial_f 210.97 accepted True lowest_f 216.267
warning: basinhopping: local minimization failure
basinhopping step 10: f 210.656 trial_f 210.656 accepted True lowest_f 216.267
--- Finished Task ID: 1 ---
