--- Starting Task ID: 5 ---
Parameters: V_NS=-0.079, V_EW=+0.052, V_B=+0.080
Output directory: analysis_folder_Cluster/20250814_165350_batch/case_005
warning: basinhopping: local minimization failure
basinhopping step 0: f 218.517
warning: basinhopping: local minimization failure
basinhopping step 1: f 216.568 trial_f 216.568 accepted True lowest_f 218.517
warning: basinhopping: local minimization failure
basinhopping step 2: f 215.945 trial_f 215.945 accepted True lowest_f 218.517
warning: basinhopping: local minimization failure
basinhopping step 3: f 215.45 trial_f 215.45 accepted True lowest_f 218.517
warning: basinhopping: local minimization failure
basinhopping step 4: f 215.264 trial_f 215.264 accepted True lowest_f 218.517
warning: basinhopping: local minimization failure
basinhopping step 5: f 214.926 trial_f 214.926 accepted True lowest_f 218.517
warning: basinhopping: local minimization failure
basinhopping step 6: f 214.68 trial_f 214.68 accepted True lowest_f 218.517
warning: basinhopping: local minimization failure
basinhopping step 7: f 214.517 trial_f 214.517 accepted True lowest_f 218.517
warning: basinhopping: local minimization failure
basinhopping step 8: f 214.422 trial_f 214.422 accepted True lowest_f 218.517
warning: basinhopping: local minimization failure
basinhopping step 9: f 214.262 trial_f 214.262 accepted True lowest_f 218.517
warning: basinhopping: local minimization failure
basinhopping step 10: f 214.091 trial_f 214.091 accepted True lowest_f 218.517
--- Finished Task ID: 5 ---
